  main.cpp
C:\Users\faye\Desktop\Projects\Application\Application\main.cpp(11,10): warning C4067: unexpected tokens following preprocessor directive - expected a newline
C:\Users\faye\Desktop\Projects\Application\Application\engine.h(11,13): warning C4305: 'initializing': truncation from 'double' to 'float'
  (compiling source file 'main.cpp')
  
C:\Program Files (x86)\Windows Kits\10\Include\10.0.22621.0\shared\minwindef.h(130,9): warning C4005: 'APIENTRY': macro redefinition
  (compiling source file 'main.cpp')
      C:\Users\faye\Desktop\Projects\Application\Application\GLFW\Include\glad\glad.h(32,9):
      see previous definition of 'APIENTRY'
  
C:\Users\faye\Desktop\Projects\Application\Application\main.cpp(169,17): warning C4244: '=': conversion from 'int' to 'T', possible loss of data
C:\Users\faye\Desktop\Projects\Application\Application\main.cpp(169,17): warning C4244:         with
C:\Users\faye\Desktop\Projects\Application\Application\main.cpp(169,17): warning C4244:         [
C:\Users\faye\Desktop\Projects\Application\Application\main.cpp(169,17): warning C4244:             T=float
C:\Users\faye\Desktop\Projects\Application\Application\main.cpp(169,17): warning C4244:         ]
C:\Users\faye\Desktop\Projects\Application\Application\main.cpp(170,17): warning C4244: '=': conversion from 'int' to 'T', possible loss of data
C:\Users\faye\Desktop\Projects\Application\Application\main.cpp(170,17): warning C4244:         with
C:\Users\faye\Desktop\Projects\Application\Application\main.cpp(170,17): warning C4244:         [
C:\Users\faye\Desktop\Projects\Application\Application\main.cpp(170,17): warning C4244:             T=float
C:\Users\faye\Desktop\Projects\Application\Application\main.cpp(170,17): warning C4244:         ]
C:\Users\faye\Desktop\Projects\Application\Application\main.cpp(334,24): warning C4244: '=': conversion from 'double' to 'float', possible loss of data
C:\Users\faye\Desktop\Projects\Application\Application\main.cpp(335,24): warning C4244: '=': conversion from 'double' to 'float', possible loss of data
C:\Users\faye\Desktop\Projects\Application\Application\main.cpp(344,23): warning C4244: '+=': conversion from 'double' to 'float', possible loss of data
C:\Users\faye\Desktop\Projects\Application\Application\main.cpp(349,23): warning C4244: '-=': conversion from 'double' to 'float', possible loss of data
C:\Users\faye\Desktop\Projects\Application\Application\main.cpp(358,23): warning C4244: '+=': conversion from 'double' to 'float', possible loss of data
C:\Users\faye\Desktop\Projects\Application\Application\main.cpp(363,23): warning C4244: '-=': conversion from 'double' to 'float', possible loss of data
C:\Users\faye\Desktop\Projects\Application\Application\main.cpp(401,64): warning C4244: 'argument': conversion from 'T' to 'int', possible loss of data
C:\Users\faye\Desktop\Projects\Application\Application\main.cpp(401,64): warning C4244:         with
C:\Users\faye\Desktop\Projects\Application\Application\main.cpp(401,64): warning C4244:         [
C:\Users\faye\Desktop\Projects\Application\Application\main.cpp(401,64): warning C4244:             T=float
C:\Users\faye\Desktop\Projects\Application\Application\main.cpp(401,64): warning C4244:         ]
C:\Users\faye\Desktop\Projects\Application\Application\main.cpp(401,50): warning C4244: 'argument': conversion from 'T' to 'int', possible loss of data
C:\Users\faye\Desktop\Projects\Application\Application\main.cpp(401,50): warning C4244:         with
C:\Users\faye\Desktop\Projects\Application\Application\main.cpp(401,50): warning C4244:         [
C:\Users\faye\Desktop\Projects\Application\Application\main.cpp(401,50): warning C4244:             T=float
C:\Users\faye\Desktop\Projects\Application\Application\main.cpp(401,50): warning C4244:         ]
C:\Users\faye\Desktop\Projects\Application\Application\main.cpp(571,20): warning C4244: 'initializing': conversion from 'double' to 'float', possible loss of data
C:\Users\faye\Desktop\Projects\Application\Application\main.cpp(572,22): warning C4244: 'initializing': conversion from 'double' to 'float', possible loss of data
C:\Users\faye\Desktop\Projects\Application\Application\main.cpp(593,47): warning C4244: 'argument': conversion from 'double' to 'float', possible loss of data
C:\Users\faye\Desktop\Projects\Application\Application\main.cpp(643,32): warning C4244: '-=': conversion from 'double' to 'T', possible loss of data
C:\Users\faye\Desktop\Projects\Application\Application\main.cpp(643,32): warning C4244:         with
C:\Users\faye\Desktop\Projects\Application\Application\main.cpp(643,32): warning C4244:         [
C:\Users\faye\Desktop\Projects\Application\Application\main.cpp(643,32): warning C4244:             T=float
C:\Users\faye\Desktop\Projects\Application\Application\main.cpp(643,32): warning C4244:         ]
C:\Users\faye\Desktop\Projects\Application\Application\main.cpp(647,32): warning C4244: '+=': conversion from 'double' to 'T', possible loss of data
C:\Users\faye\Desktop\Projects\Application\Application\main.cpp(647,32): warning C4244:         with
C:\Users\faye\Desktop\Projects\Application\Application\main.cpp(647,32): warning C4244:         [
C:\Users\faye\Desktop\Projects\Application\Application\main.cpp(647,32): warning C4244:             T=float
C:\Users\faye\Desktop\Projects\Application\Application\main.cpp(647,32): warning C4244:         ]
C:\Users\faye\Desktop\Projects\Application\Application\main.cpp(655,18): warning C4244: '=': conversion from 'double' to 'float', possible loss of data
C:\Users\faye\Desktop\Projects\Application\Application\main.cpp(470,23): warning C4101: 'nrChannels2': unreferenced local variable
C:\Users\faye\Desktop\Projects\Application\Application\main.cpp(470,14): warning C4101: 'height2': unreferenced local variable
C:\Users\faye\Desktop\Projects\Application\Application\main.cpp(470,6): warning C4101: 'width2': unreferenced local variable
  Application.vcxproj -> C:\Users\faye\Desktop\Projects\Application\x64\Debug\Application.exe
