  Editor.cpp
C:\Users\faye\Desktop\Projects\Application\Application\Vector2.h(52,19): warning C4244: 'initializing': conversion from 'double' to 'float', possible loss of data
  (compiling source file 'Editor.cpp')
  
C:\Users\faye\Desktop\Projects\Application\Application\Vector2.h(63,19): warning C4244: 'initializing': conversion from 'double' to 'float', possible loss of data
  (compiling source file 'Editor.cpp')
  
C:\Users\faye\Desktop\Projects\Application\Application\Vector3.h(42,19): warning C4244: 'initializing': conversion from 'double' to 'float', possible loss of data
  (compiling source file 'Editor.cpp')
  
C:\Users\faye\Desktop\Projects\Application\Application\Vector4.h(53,19): warning C4244: 'initializing': conversion from 'double' to 'float', possible loss of data
  (compiling source file 'Editor.cpp')
  
C:\Users\faye\Desktop\Projects\Application\Application\Vector4.h(68,19): warning C4244: 'initializing': conversion from 'double' to 'float', possible loss of data
  (compiling source file 'Editor.cpp')
  
C:\Users\faye\Desktop\Projects\Application\Application\KTYMouse.h(145,35): warning C4244: 'argument': conversion from 'double' to 'int', possible loss of data
  (compiling source file 'Editor.cpp')
  
C:\Users\faye\Desktop\Projects\Application\Application\KTYMouse.h(145,24): warning C4244: 'argument': conversion from 'double' to 'int', possible loss of data
  (compiling source file 'Editor.cpp')
  
C:\Users\faye\Desktop\Projects\Application\Application\Texture.h(65,59): warning C4244: 'argument': conversion from 'double' to 'const unsigned __int64', possible loss of data
  (compiling source file 'Editor.cpp')
  
C:\Users\faye\Desktop\Projects\Application\Application\Texture.h(67,23): warning C4018: '<': signed/unsigned mismatch
  (compiling source file 'Editor.cpp')
  
C:\Users\faye\Desktop\Projects\Application\Application\Texture.h(68,38): warning C4244: '=': conversion from 'double' to '_Ty', possible loss of data
C:\Users\faye\Desktop\Projects\Application\Application\Texture.h(68,38): warning C4244:         with
C:\Users\faye\Desktop\Projects\Application\Application\Texture.h(68,38): warning C4244:         [
C:\Users\faye\Desktop\Projects\Application\Application\Texture.h(68,38): warning C4244:             _Ty=unsigned char
C:\Users\faye\Desktop\Projects\Application\Application\Texture.h(68,38): warning C4244:         ]
  (compiling source file 'Editor.cpp')
  
C:\Users\faye\Desktop\Projects\Application\Application\Texture.h(73,58): warning C4244: 'argument': conversion from 'double' to 'GLsizei', possible loss of data
  (compiling source file 'Editor.cpp')
  
C:\Users\faye\Desktop\Projects\Application\Application\Texture.h(73,48): warning C4244: 'argument': conversion from 'double' to 'GLsizei', possible loss of data
  (compiling source file 'Editor.cpp')
  
C:\Users\faye\Desktop\Projects\Application\Application\Texture.h(89,67): warning C4244: 'argument': conversion from 'double' to 'GLsizei', possible loss of data
  (compiling source file 'Editor.cpp')
  
C:\Users\faye\Desktop\Projects\Application\Application\Texture.h(89,53): warning C4244: 'argument': conversion from 'double' to 'GLsizei', possible loss of data
  (compiling source file 'Editor.cpp')
  
C:\Users\faye\Desktop\Projects\Application\Application\Texture.h(108,14): warning C4244: 'initializing': conversion from 'double' to 'int', possible loss of data
  (compiling source file 'Editor.cpp')
  
C:\Users\faye\Desktop\Projects\Application\Application\Texture.h(109,13): warning C4244: 'initializing': conversion from 'double' to 'int', possible loss of data
  (compiling source file 'Editor.cpp')
  
C:\Users\faye\Desktop\Projects\Application\Application\Texture.h(110,26): warning C4244: '=': conversion from 'double' to '_Ty', possible loss of data
C:\Users\faye\Desktop\Projects\Application\Application\Texture.h(110,26): warning C4244:         with
C:\Users\faye\Desktop\Projects\Application\Application\Texture.h(110,26): warning C4244:         [
C:\Users\faye\Desktop\Projects\Application\Application\Texture.h(110,26): warning C4244:             _Ty=unsigned char
C:\Users\faye\Desktop\Projects\Application\Application\Texture.h(110,26): warning C4244:         ]
  (compiling source file 'Editor.cpp')
  
C:\Users\faye\Desktop\Projects\Application\Application\Texture.h(111,26): warning C4244: '=': conversion from 'double' to '_Ty', possible loss of data
C:\Users\faye\Desktop\Projects\Application\Application\Texture.h(111,26): warning C4244:         with
C:\Users\faye\Desktop\Projects\Application\Application\Texture.h(111,26): warning C4244:         [
C:\Users\faye\Desktop\Projects\Application\Application\Texture.h(111,26): warning C4244:             _Ty=unsigned char
C:\Users\faye\Desktop\Projects\Application\Application\Texture.h(111,26): warning C4244:         ]
  (compiling source file 'Editor.cpp')
  
C:\Users\faye\Desktop\Projects\Application\Application\Texture.h(112,26): warning C4244: '=': conversion from 'double' to '_Ty', possible loss of data
C:\Users\faye\Desktop\Projects\Application\Application\Texture.h(112,26): warning C4244:         with
C:\Users\faye\Desktop\Projects\Application\Application\Texture.h(112,26): warning C4244:         [
C:\Users\faye\Desktop\Projects\Application\Application\Texture.h(112,26): warning C4244:             _Ty=unsigned char
C:\Users\faye\Desktop\Projects\Application\Application\Texture.h(112,26): warning C4244:         ]
  (compiling source file 'Editor.cpp')
  
C:\Users\faye\Desktop\Projects\Application\Application\Texture.h(113,26): warning C4244: '=': conversion from 'double' to '_Ty', possible loss of data
C:\Users\faye\Desktop\Projects\Application\Application\Texture.h(113,26): warning C4244:         with
C:\Users\faye\Desktop\Projects\Application\Application\Texture.h(113,26): warning C4244:         [
C:\Users\faye\Desktop\Projects\Application\Application\Texture.h(113,26): warning C4244:             _Ty=unsigned char
C:\Users\faye\Desktop\Projects\Application\Application\Texture.h(113,26): warning C4244:         ]
  (compiling source file 'Editor.cpp')
  
C:\Users\faye\Desktop\Projects\Application\Application\Shader.h(49,70): warning C4244: 'argument': conversion from 'double' to 'GLfloat', possible loss of data
  (compiling source file 'Editor.cpp')
  
C:\Users\faye\Desktop\Projects\Application\Application\Shader.h(49,61): warning C4244: 'argument': conversion from 'double' to 'GLfloat', possible loss of data
  (compiling source file 'Editor.cpp')
  
C:\Users\faye\Desktop\Projects\Application\Application\Shader.h(53,79): warning C4244: 'argument': conversion from 'double' to 'GLfloat', possible loss of data
  (compiling source file 'Editor.cpp')
  
C:\Users\faye\Desktop\Projects\Application\Application\Shader.h(53,70): warning C4244: 'argument': conversion from 'double' to 'GLfloat', possible loss of data
  (compiling source file 'Editor.cpp')
  
C:\Users\faye\Desktop\Projects\Application\Application\Shader.h(53,61): warning C4244: 'argument': conversion from 'double' to 'GLfloat', possible loss of data
  (compiling source file 'Editor.cpp')
  
C:\Users\faye\Desktop\Projects\Application\Application\Shader.h(57,88): warning C4244: 'argument': conversion from 'double' to 'GLfloat', possible loss of data
  (compiling source file 'Editor.cpp')
  
C:\Users\faye\Desktop\Projects\Application\Application\Shader.h(57,79): warning C4244: 'argument': conversion from 'double' to 'GLfloat', possible loss of data
  (compiling source file 'Editor.cpp')
  
C:\Users\faye\Desktop\Projects\Application\Application\Shader.h(57,70): warning C4244: 'argument': conversion from 'double' to 'GLfloat', possible loss of data
  (compiling source file 'Editor.cpp')
  
C:\Users\faye\Desktop\Projects\Application\Application\Shader.h(57,61): warning C4244: 'argument': conversion from 'double' to 'GLfloat', possible loss of data
  (compiling source file 'Editor.cpp')
  
C:\Users\faye\Desktop\Projects\Application\Application\Camera.h(130,3): warning C4244: 'argument': conversion from 'double' to 'GLfloat', possible loss of data
  (compiling source file 'Editor.cpp')
  
C:\Users\faye\Desktop\Projects\Application\Application\Camera.h(133,3): warning C4244: 'argument': conversion from 'double' to 'GLfloat', possible loss of data
  (compiling source file 'Editor.cpp')
  
C:\Users\faye\Desktop\Projects\Application\Application\Camera.h(146,67): warning C4244: 'argument': conversion from 'double' to 'GLsizei', possible loss of data
  (compiling source file 'Editor.cpp')
  
C:\Users\faye\Desktop\Projects\Application\Application\Camera.h(146,53): warning C4244: 'argument': conversion from 'double' to 'GLsizei', possible loss of data
  (compiling source file 'Editor.cpp')
  
C:\Users\faye\Desktop\Projects\Application\Application\Camera.h(146,39): warning C4244: 'argument': conversion from 'double' to 'GLint', possible loss of data
  (compiling source file 'Editor.cpp')
  
C:\Users\faye\Desktop\Projects\Application\Application\Camera.h(146,25): warning C4244: 'argument': conversion from 'double' to 'GLint', possible loss of data
  (compiling source file 'Editor.cpp')
  
C:\Users\faye\Desktop\Projects\Application\Application\ProgramBase.h(64,49): warning C4244: 'argument': conversion from 'double' to 'int', possible loss of data
  (compiling source file 'Editor.cpp')
  
C:\Users\faye\Desktop\Projects\Application\Application\ProgramBase.h(64,39): warning C4244: 'argument': conversion from 'double' to 'int', possible loss of data
  (compiling source file 'Editor.cpp')
  
C:\Users\faye\Desktop\Projects\Application\Application\ProgramBase.h(65,178): warning C4244: 'argument': conversion from 'double' to 'int', possible loss of data
  (compiling source file 'Editor.cpp')
  
C:\Users\faye\Desktop\Projects\Application\Application\ProgramBase.h(65,94): warning C4244: 'argument': conversion from 'double' to 'int', possible loss of data
  (compiling source file 'Editor.cpp')
  
C:\Users\faye\Desktop\Projects\Application\Application\Renderer.h(79,58): warning C4267: 'argument': conversion from 'size_t' to 'GLsizei', possible loss of data
  (compiling source file 'Editor.cpp')
  
C:\Users\faye\Desktop\Projects\Application\Application\Renderer.h(82,56): warning C4267: 'argument': conversion from 'size_t' to 'GLsizei', possible loss of data
  (compiling source file 'Editor.cpp')
  
C:\Users\faye\Desktop\Projects\Application\Application\CameraController.h(2,10): warning C4067: unexpected tokens following preprocessor directive - expected a newline
  (compiling source file 'Editor.cpp')
  
C:\Users\faye\Desktop\Projects\Application\Application\Libraries\Libs\KTYEngine.dll : fatal error LNK1107: invalid or corrupt file: cannot read at 0x2F8
