c:\users\faye\desktop\projects\application\application\x64\release\glad.obj
c:\users\faye\desktop\projects\application\application\x64\release\objects.obj
c:\users\faye\desktop\projects\application\application\x64\release\main.obj
c:\users\faye\desktop\projects\application\application\x64\release\gamepad.obj
c:\users\faye\desktop\projects\application\application\x64\release\scene.obj
c:\users\faye\desktop\projects\application\x64\release\application.exe
c:\users\faye\desktop\projects\application\application\x64\release\application.res
c:\users\faye\desktop\projects\application\application\x64\release\info.h.module.json
c:\users\faye\desktop\projects\application\application\x64\release\transform.h.module.json
c:\users\faye\desktop\projects\application\application\x64\release\application.ipdb
c:\users\faye\desktop\projects\application\application\x64\release\application.iobj
c:\users\faye\desktop\projects\application\application\x64\release\info.h.obj
c:\users\faye\desktop\projects\application\application\x64\release\info.obj
c:\users\faye\desktop\projects\application\application\x64\release\transform.h.obj
c:\users\faye\desktop\projects\application\application\x64\release\transform.obj
c:\users\faye\desktop\projects\application\application\x64\release\vc143.pdb
c:\users\faye\desktop\projects\application\application\x64\release\application.tlog\cl.command.1.tlog
c:\users\faye\desktop\projects\application\application\x64\release\application.tlog\cl.items.tlog
c:\users\faye\desktop\projects\application\application\x64\release\application.tlog\cl.read.1.tlog
c:\users\faye\desktop\projects\application\application\x64\release\application.tlog\cl.write.1.tlog
c:\users\faye\desktop\projects\application\application\x64\release\application.tlog\link.command.1.tlog
c:\users\faye\desktop\projects\application\application\x64\release\application.tlog\link.read.1.tlog
c:\users\faye\desktop\projects\application\application\x64\release\application.tlog\link.secondary.1.tlog
c:\users\faye\desktop\projects\application\application\x64\release\application.tlog\link.write.1.tlog
c:\users\faye\desktop\projects\application\application\x64\release\application.tlog\rc.command.1.tlog
c:\users\faye\desktop\projects\application\application\x64\release\application.tlog\rc.read.1.tlog
c:\users\faye\desktop\projects\application\application\x64\release\application.tlog\rc.write.1.tlog
c:\users\faye\desktop\projects\application\application\x64\release\application_md.tlog\cl.command.1.tlog
c:\users\faye\desktop\projects\application\application\x64\release\application_md.tlog\microsoft.build.cpptasks.cl.read.1.tlog
c:\users\faye\desktop\projects\application\application\x64\release\application_md.tlog\microsoft.build.cpptasks.cl.write.1.tlog
