c:\users\faye\desktop\projects\application\application\x64\release\uvsphere.obj
c:\users\faye\desktop\projects\application\application\x64\release\quad.obj
c:\users\faye\desktop\projects\application\application\x64\release\plane.obj
c:\users\faye\desktop\projects\application\application\x64\release\main.obj
c:\users\faye\desktop\projects\application\application\x64\release\cubesphere.obj
c:\users\faye\desktop\projects\application\application\x64\release\cube.obj
c:\users\faye\desktop\projects\application\application\x64\release\circle.obj
c:\users\faye\desktop\projects\application\application\x64\release\programbase.obj
c:\users\faye\desktop\projects\application\application\x64\release\meshgenerator.obj
c:\users\faye\desktop\projects\application\application\x64\release\light.obj
c:\users\faye\desktop\projects\application\application\x64\release\entity.obj
c:\users\faye\desktop\projects\application\application\x64\release\camera.obj
c:\users\faye\desktop\projects\application\application\x64\release\unlit.obj
c:\users\faye\desktop\projects\application\application\x64\release\lit.obj
c:\users\faye\desktop\projects\application\application\x64\release\texture.obj
c:\users\faye\desktop\projects\application\application\x64\release\shader.obj
c:\users\faye\desktop\projects\application\application\x64\release\input.obj
c:\users\faye\desktop\projects\application\application\x64\release\deviceinfo.obj
c:\users\faye\desktop\projects\application\application\x64\release\objects.obj
c:\users\faye\desktop\projects\application\application\x64\release\scene.obj
c:\users\faye\desktop\projects\application\application\x64\release\ktytime.obj
c:\users\faye\desktop\projects\application\application\x64\release\glad.obj
c:\users\faye\desktop\projects\application\application\x64\release\camera.h.ifc
c:\users\faye\desktop\projects\application\application\x64\release\camera.h.ifc.d.json
c:\users\faye\desktop\projects\application\application\x64\release\camera.h.obj
c:\users\faye\desktop\projects\application\application\x64\release\cameracontroller.h.ifc
c:\users\faye\desktop\projects\application\application\x64\release\cameracontroller.h.ifc.d.json
c:\users\faye\desktop\projects\application\application\x64\release\cameracontroller.h.obj
c:\users\faye\desktop\projects\application\x64\release\ktyengine.dll
c:\users\faye\desktop\projects\application\application\x64\release\application.res
c:\users\faye\desktop\projects\application\application\x64\release\camera.h.module.json
c:\users\faye\desktop\projects\application\application\x64\release\cameracontroller.h.module.json
c:\users\faye\desktop\projects\application\application\x64\release\ktyengine.ipdb
c:\users\faye\desktop\projects\application\application\x64\release\ktyengine.iobj
c:\users\faye\desktop\projects\application\application\x64\release\gamepad.obj
c:\users\faye\desktop\projects\application\application\x64\release\application.ipdb
c:\users\faye\desktop\projects\application\application\x64\release\application.iobj
c:\users\faye\desktop\projects\application\application\x64\release\gamepad.nativecodeanalysis.xml
c:\users\faye\desktop\projects\application\application\x64\release\glad.nativecodeanalysis.xml
c:\users\faye\desktop\projects\application\application\x64\release\main.nativecodeanalysis.xml
c:\users\faye\desktop\projects\application\application\x64\release\objects.nativecodeanalysis.xml
c:\users\faye\desktop\projects\application\application\x64\release\scene.nativecodeanalysis.xml
c:\users\faye\desktop\projects\application\application\x64\release\vc.nativecodeanalysis.all.xml
c:\users\faye\desktop\projects\application\application\x64\release\ktyengine.tlog\cl.command.1.tlog
c:\users\faye\desktop\projects\application\application\x64\release\ktyengine.tlog\cl.items.tlog
c:\users\faye\desktop\projects\application\application\x64\release\ktyengine.tlog\cl.read.1.tlog
c:\users\faye\desktop\projects\application\application\x64\release\ktyengine.tlog\cl.write.1.tlog
c:\users\faye\desktop\projects\application\application\x64\release\ktyengine.tlog\link.command.1.tlog
c:\users\faye\desktop\projects\application\application\x64\release\ktyengine.tlog\link.read.1.tlog
c:\users\faye\desktop\projects\application\application\x64\release\ktyengine.tlog\link.secondary.1.tlog
c:\users\faye\desktop\projects\application\application\x64\release\ktyengine.tlog\link.write.1.tlog
c:\users\faye\desktop\projects\application\application\x64\release\ktyengine.tlog\rc.command.1.tlog
c:\users\faye\desktop\projects\application\application\x64\release\ktyengine.tlog\rc.read.1.tlog
c:\users\faye\desktop\projects\application\application\x64\release\ktyengine.tlog\rc.write.1.tlog
c:\users\faye\desktop\projects\application\application\x64\release\ktyengine_md.tlog\cl.command.1.tlog
c:\users\faye\desktop\projects\application\application\x64\release\ktyengine_md.tlog\microsoft.build.cpptasks.cl.read.1.tlog
c:\users\faye\desktop\projects\application\application\x64\release\ktyengine_md.tlog\microsoft.build.cpptasks.cl.write.1.tlog
